<?xml version="1.0" encoding="UTF-8"?>
<testsuite xmlns:xsi="http://www.w3.org/2001/XMLSchema-instance" xsi:noNamespaceSchemaLocation="https://maven.apache.org/surefire/maven-surefire-plugin/xsd/surefire-test-report.xsd" name="com.allyouplay.runners.cukesRunner" time="93.223" tests="40" errors="0" skipped="0" failures="2">
  <properties>
    <property name="sun.desktop" value="windows"/>
    <property name="awt.toolkit" value="sun.awt.windows.WToolkit"/>
    <property name="file.encoding.pkg" value="sun.io"/>
    <property name="java.specification.version" value="1.8"/>
    <property name="sun.cpu.isalist" value="amd64"/>
    <property name="sun.jnu.encoding" value="Cp1254"/>
    <property name="java.class.path" value="C:\Users\Acer\IdeaProjects\DecsTask\target\test-classes;C:\Users\Acer\IdeaProjects\DecsTask\target\classes;C:\Users\Acer\.m2\repository\org\seleniumhq\selenium\selenium-java\3.141.59\selenium-java-3.141.59.jar;C:\Users\Acer\.m2\repository\org\seleniumhq\selenium\selenium-api\3.141.59\selenium-api-3.141.59.jar;C:\Users\Acer\.m2\repository\org\seleniumhq\selenium\selenium-chrome-driver\3.141.59\selenium-chrome-driver-3.141.59.jar;C:\Users\Acer\.m2\repository\org\seleniumhq\selenium\selenium-edge-driver\3.141.59\selenium-edge-driver-3.141.59.jar;C:\Users\Acer\.m2\repository\org\seleniumhq\selenium\selenium-firefox-driver\3.141.59\selenium-firefox-driver-3.141.59.jar;C:\Users\Acer\.m2\repository\org\seleniumhq\selenium\selenium-ie-driver\3.141.59\selenium-ie-driver-3.141.59.jar;C:\Users\Acer\.m2\repository\org\seleniumhq\selenium\selenium-opera-driver\3.141.59\selenium-opera-driver-3.141.59.jar;C:\Users\Acer\.m2\repository\org\seleniumhq\selenium\selenium-remote-driver\3.141.59\selenium-remote-driver-3.141.59.jar;C:\Users\Acer\.m2\repository\org\seleniumhq\selenium\selenium-safari-driver\3.141.59\selenium-safari-driver-3.141.59.jar;C:\Users\Acer\.m2\repository\org\seleniumhq\selenium\selenium-support\3.141.59\selenium-support-3.141.59.jar;C:\Users\Acer\.m2\repository\net\bytebuddy\byte-buddy\1.8.15\byte-buddy-1.8.15.jar;C:\Users\Acer\.m2\repository\org\apache\commons\commons-exec\1.3\commons-exec-1.3.jar;C:\Users\Acer\.m2\repository\com\google\guava\guava\25.0-jre\guava-25.0-jre.jar;C:\Users\Acer\.m2\repository\com\google\code\findbugs\jsr305\1.3.9\jsr305-1.3.9.jar;C:\Users\Acer\.m2\repository\org\checkerframework\checker-compat-qual\2.0.0\checker-compat-qual-2.0.0.jar;C:\Users\Acer\.m2\repository\com\google\errorprone\error_prone_annotations\2.1.3\error_prone_annotations-2.1.3.jar;C:\Users\Acer\.m2\repository\com\google\j2objc\j2objc-annotations\1.1\j2objc-annotations-1.1.jar;C:\Users\Acer\.m2\repository\org\codehaus\mojo\animal-sniffer-annotations\1.14\animal-sniffer-annotations-1.14.jar;C:\Users\Acer\.m2\repository\com\squareup\okhttp3\okhttp\3.11.0\okhttp-3.11.0.jar;C:\Users\Acer\.m2\repository\com\squareup\okio\okio\1.14.0\okio-1.14.0.jar;C:\Users\Acer\.m2\repository\io\github\bonigarcia\webdrivermanager\4.4.3\webdrivermanager-4.4.3.jar;C:\Users\Acer\.m2\repository\commons-io\commons-io\2.8.0\commons-io-2.8.0.jar;C:\Users\Acer\.m2\repository\com\google\code\gson\gson\2.8.6\gson-2.8.6.jar;C:\Users\Acer\.m2\repository\org\apache\commons\commons-lang3\3.12.0\commons-lang3-3.12.0.jar;C:\Users\Acer\.m2\repository\org\apache\httpcomponents\client5\httpclient5\5.0.3\httpclient5-5.0.3.jar;C:\Users\Acer\.m2\repository\org\apache\httpcomponents\core5\httpcore5\5.0.2\httpcore5-5.0.2.jar;C:\Users\Acer\.m2\repository\org\apache\httpcomponents\core5\httpcore5-h2\5.0.2\httpcore5-h2-5.0.2.jar;C:\Users\Acer\.m2\repository\commons-codec\commons-codec\1.13\commons-codec-1.13.jar;C:\Users\Acer\.m2\repository\org\rauschig\jarchivelib\1.1.0\jarchivelib-1.1.0.jar;C:\Users\Acer\.m2\repository\org\apache\commons\commons-compress\1.20\commons-compress-1.20.jar;C:\Users\Acer\.m2\repository\org\jsoup\jsoup\1.13.1\jsoup-1.13.1.jar;C:\Users\Acer\.m2\repository\io\cucumber\cucumber-java\6.8.2\cucumber-java-6.8.2.jar;C:\Users\Acer\.m2\repository\io\cucumber\cucumber-core\6.8.2\cucumber-core-6.8.2.jar;C:\Users\Acer\.m2\repository\io\cucumber\cucumber-gherkin\6.8.2\cucumber-gherkin-6.8.2.jar;C:\Users\Acer\.m2\repository\io\cucumber\cucumber-gherkin-messages\6.8.2\cucumber-gherkin-messages-6.8.2.jar;C:\Users\Acer\.m2\repository\io\cucumber\messages\13.1.0\messages-13.1.0.jar;C:\Users\Acer\.m2\repository\io\cucumber\tag-expressions\3.0.0\tag-expressions-3.0.0.jar;C:\Users\Acer\.m2\repository\io\cucumber\cucumber-expressions\10.3.0\cucumber-expressions-10.3.0.jar;C:\Users\Acer\.m2\repository\io\cucumber\datatable\3.5.0\datatable-3.5.0.jar;C:\Users\Acer\.m2\repository\io\cucumber\cucumber-plugin\6.8.2\cucumber-plugin-6.8.2.jar;C:\Users\Acer\.m2\repository\io\cucumber\docstring\6.8.2\docstring-6.8.2.jar;C:\Users\Acer\.m2\repository\io\cucumber\html-formatter\9.0.0\html-formatter-9.0.0.jar;C:\Users\Acer\.m2\repository\io\cucumber\create-meta\2.0.4\create-meta-2.0.4.jar;C:\Users\Acer\.m2\repository\org\apiguardian\apiguardian-api\1.1.0\apiguardian-api-1.1.0.jar;C:\Users\Acer\.m2\repository\io\cucumber\cucumber-junit\6.8.2\cucumber-junit-6.8.2.jar;C:\Users\Acer\.m2\repository\junit\junit\4.13.1\junit-4.13.1.jar;C:\Users\Acer\.m2\repository\org\hamcrest\hamcrest-core\1.3\hamcrest-core-1.3.jar;C:\Users\Acer\.m2\repository\org\slf4j\slf4j-api\1.7.36\slf4j-api-1.7.36.jar;C:\Users\Acer\.m2\repository\org\slf4j\slf4j-simple\1.7.36\slf4j-simple-1.7.36.jar;C:\Users\Acer\.m2\repository\org\assertj\assertj-core\3.18.1\assertj-core-3.18.1.jar;"/>
    <property name="java.vm.vendor" value="Amazon.com Inc."/>
    <property name="sun.arch.data.model" value="64"/>
    <property name="user.variant" value=""/>
    <property name="java.vendor.url" value="https://aws.amazon.com/corretto/"/>
    <property name="user.timezone" value="Asia/Istanbul"/>
    <property name="java.vm.specification.version" value="1.8"/>
    <property name="os.name" value="Windows 10"/>
    <property name="user.country" value="TR"/>
    <property name="sun.java.launcher" value="SUN_STANDARD"/>
    <property name="sun.boot.library.path" value="C:\Users\Acer\.jdks\corretto-1.8.0_332\jre\bin"/>
    <property name="sun.java.command" value="C:\Users\Acer\AppData\Local\Temp\surefire996983361021159041\surefirebooter2314573206892161397.jar C:\Users\Acer\AppData\Local\Temp\surefire996983361021159041 2022-06-01T13-34-30_768-jvmRun1 surefire7591270180972596614tmp surefire_0583325728389566768tmp"/>
    <property name="surefire.test.class.path" value="C:\Users\Acer\IdeaProjects\DecsTask\target\test-classes;C:\Users\Acer\IdeaProjects\DecsTask\target\classes;C:\Users\Acer\.m2\repository\org\seleniumhq\selenium\selenium-java\3.141.59\selenium-java-3.141.59.jar;C:\Users\Acer\.m2\repository\org\seleniumhq\selenium\selenium-api\3.141.59\selenium-api-3.141.59.jar;C:\Users\Acer\.m2\repository\org\seleniumhq\selenium\selenium-chrome-driver\3.141.59\selenium-chrome-driver-3.141.59.jar;C:\Users\Acer\.m2\repository\org\seleniumhq\selenium\selenium-edge-driver\3.141.59\selenium-edge-driver-3.141.59.jar;C:\Users\Acer\.m2\repository\org\seleniumhq\selenium\selenium-firefox-driver\3.141.59\selenium-firefox-driver-3.141.59.jar;C:\Users\Acer\.m2\repository\org\seleniumhq\selenium\selenium-ie-driver\3.141.59\selenium-ie-driver-3.141.59.jar;C:\Users\Acer\.m2\repository\org\seleniumhq\selenium\selenium-opera-driver\3.141.59\selenium-opera-driver-3.141.59.jar;C:\Users\Acer\.m2\repository\org\seleniumhq\selenium\selenium-remote-driver\3.141.59\selenium-remote-driver-3.141.59.jar;C:\Users\Acer\.m2\repository\org\seleniumhq\selenium\selenium-safari-driver\3.141.59\selenium-safari-driver-3.141.59.jar;C:\Users\Acer\.m2\repository\org\seleniumhq\selenium\selenium-support\3.141.59\selenium-support-3.141.59.jar;C:\Users\Acer\.m2\repository\net\bytebuddy\byte-buddy\1.8.15\byte-buddy-1.8.15.jar;C:\Users\Acer\.m2\repository\org\apache\commons\commons-exec\1.3\commons-exec-1.3.jar;C:\Users\Acer\.m2\repository\com\google\guava\guava\25.0-jre\guava-25.0-jre.jar;C:\Users\Acer\.m2\repository\com\google\code\findbugs\jsr305\1.3.9\jsr305-1.3.9.jar;C:\Users\Acer\.m2\repository\org\checkerframework\checker-compat-qual\2.0.0\checker-compat-qual-2.0.0.jar;C:\Users\Acer\.m2\repository\com\google\errorprone\error_prone_annotations\2.1.3\error_prone_annotations-2.1.3.jar;C:\Users\Acer\.m2\repository\com\google\j2objc\j2objc-annotations\1.1\j2objc-annotations-1.1.jar;C:\Users\Acer\.m2\repository\org\codehaus\mojo\animal-sniffer-annotations\1.14\animal-sniffer-annotations-1.14.jar;C:\Users\Acer\.m2\repository\com\squareup\okhttp3\okhttp\3.11.0\okhttp-3.11.0.jar;C:\Users\Acer\.m2\repository\com\squareup\okio\okio\1.14.0\okio-1.14.0.jar;C:\Users\Acer\.m2\repository\io\github\bonigarcia\webdrivermanager\4.4.3\webdrivermanager-4.4.3.jar;C:\Users\Acer\.m2\repository\commons-io\commons-io\2.8.0\commons-io-2.8.0.jar;C:\Users\Acer\.m2\repository\com\google\code\gson\gson\2.8.6\gson-2.8.6.jar;C:\Users\Acer\.m2\repository\org\apache\commons\commons-lang3\3.12.0\commons-lang3-3.12.0.jar;C:\Users\Acer\.m2\repository\org\apache\httpcomponents\client5\httpclient5\5.0.3\httpclient5-5.0.3.jar;C:\Users\Acer\.m2\repository\org\apache\httpcomponents\core5\httpcore5\5.0.2\httpcore5-5.0.2.jar;C:\Users\Acer\.m2\repository\org\apache\httpcomponents\core5\httpcore5-h2\5.0.2\httpcore5-h2-5.0.2.jar;C:\Users\Acer\.m2\repository\commons-codec\commons-codec\1.13\commons-codec-1.13.jar;C:\Users\Acer\.m2\repository\org\rauschig\jarchivelib\1.1.0\jarchivelib-1.1.0.jar;C:\Users\Acer\.m2\repository\org\apache\commons\commons-compress\1.20\commons-compress-1.20.jar;C:\Users\Acer\.m2\repository\org\jsoup\jsoup\1.13.1\jsoup-1.13.1.jar;C:\Users\Acer\.m2\repository\io\cucumber\cucumber-java\6.8.2\cucumber-java-6.8.2.jar;C:\Users\Acer\.m2\repository\io\cucumber\cucumber-core\6.8.2\cucumber-core-6.8.2.jar;C:\Users\Acer\.m2\repository\io\cucumber\cucumber-gherkin\6.8.2\cucumber-gherkin-6.8.2.jar;C:\Users\Acer\.m2\repository\io\cucumber\cucumber-gherkin-messages\6.8.2\cucumber-gherkin-messages-6.8.2.jar;C:\Users\Acer\.m2\repository\io\cucumber\messages\13.1.0\messages-13.1.0.jar;C:\Users\Acer\.m2\repository\io\cucumber\tag-expressions\3.0.0\tag-expressions-3.0.0.jar;C:\Users\Acer\.m2\repository\io\cucumber\cucumber-expressions\10.3.0\cucumber-expressions-10.3.0.jar;C:\Users\Acer\.m2\repository\io\cucumber\datatable\3.5.0\datatable-3.5.0.jar;C:\Users\Acer\.m2\repository\io\cucumber\cucumber-plugin\6.8.2\cucumber-plugin-6.8.2.jar;C:\Users\Acer\.m2\repository\io\cucumber\docstring\6.8.2\docstring-6.8.2.jar;C:\Users\Acer\.m2\repository\io\cucumber\html-formatter\9.0.0\html-formatter-9.0.0.jar;C:\Users\Acer\.m2\repository\io\cucumber\create-meta\2.0.4\create-meta-2.0.4.jar;C:\Users\Acer\.m2\repository\org\apiguardian\apiguardian-api\1.1.0\apiguardian-api-1.1.0.jar;C:\Users\Acer\.m2\repository\io\cucumber\cucumber-junit\6.8.2\cucumber-junit-6.8.2.jar;C:\Users\Acer\.m2\repository\junit\junit\4.13.1\junit-4.13.1.jar;C:\Users\Acer\.m2\repository\org\hamcrest\hamcrest-core\1.3\hamcrest-core-1.3.jar;C:\Users\Acer\.m2\repository\org\slf4j\slf4j-api\1.7.36\slf4j-api-1.7.36.jar;C:\Users\Acer\.m2\repository\org\slf4j\slf4j-simple\1.7.36\slf4j-simple-1.7.36.jar;C:\Users\Acer\.m2\repository\org\assertj\assertj-core\3.18.1\assertj-core-3.18.1.jar;"/>
    <property name="sun.cpu.endian" value="little"/>
    <property name="user.home" value="C:\Users\Acer"/>
    <property name="user.language" value="tr"/>
    <property name="java.specification.vendor" value="Oracle Corporation"/>
    <property name="java.home" value="C:\Users\Acer\.jdks\corretto-1.8.0_332\jre"/>
    <property name="basedir" value="C:\Users\Acer\IdeaProjects\DecsTask"/>
    <property name="file.separator" value="\"/>
    <property name="line.separator" value="&#10;"/>
    <property name="java.vm.specification.vendor" value="Oracle Corporation"/>
    <property name="java.specification.name" value="Java Platform API Specification"/>
    <property name="java.awt.graphicsenv" value="sun.awt.Win32GraphicsEnvironment"/>
    <property name="surefire.real.class.path" value="C:\Users\Acer\AppData\Local\Temp\surefire996983361021159041\surefirebooter2314573206892161397.jar"/>
    <property name="sun.boot.class.path" value="C:\Users\Acer\.jdks\corretto-1.8.0_332\jre\lib\resources.jar;C:\Users\Acer\.jdks\corretto-1.8.0_332\jre\lib\rt.jar;C:\Users\Acer\.jdks\corretto-1.8.0_332\jre\lib\sunrsasign.jar;C:\Users\Acer\.jdks\corretto-1.8.0_332\jre\lib\jsse.jar;C:\Users\Acer\.jdks\corretto-1.8.0_332\jre\lib\jce.jar;C:\Users\Acer\.jdks\corretto-1.8.0_332\jre\lib\charsets.jar;C:\Users\Acer\.jdks\corretto-1.8.0_332\jre\lib\jfr.jar;C:\Users\Acer\.jdks\corretto-1.8.0_332\jre\classes"/>
    <property name="user.script" value=""/>
    <property name="sun.management.compiler" value="HotSpot 64-Bit Tiered Compilers"/>
    <property name="java.runtime.version" value="1.8.0_332-b08"/>
    <property name="user.name" value="Acer"/>
    <property name="path.separator" value=";"/>
    <property name="os.version" value="10.0"/>
    <property name="java.endorsed.dirs" value="C:\Users\Acer\.jdks\corretto-1.8.0_332\jre\lib\endorsed"/>
    <property name="java.runtime.name" value="OpenJDK Runtime Environment"/>
    <property name="file.encoding" value="Cp1254"/>
    <property name="java.vm.name" value="OpenJDK 64-Bit Server VM"/>
    <property name="localRepository" value="C:\Users\Acer\.m2\repository"/>
    <property name="java.vendor.url.bug" value="https://github.com/corretto/corretto-8/issues/"/>
    <property name="java.io.tmpdir" value="C:\Users\Acer\AppData\Local\Temp\"/>
    <property name="idea.version" value="2022.1.1"/>
    <property name="java.version" value="1.8.0_332"/>
    <property name="user.dir" value="C:\Users\Acer\IdeaProjects\DecsTask"/>
    <property name="os.arch" value="amd64"/>
    <property name="java.vm.specification.name" value="Java Virtual Machine Specification"/>
    <property name="java.awt.printerjob" value="sun.awt.windows.WPrinterJob"/>
    <property name="sun.os.patch.level" value=""/>
    <property name="java.library.path" value="C:\Users\Acer\.jdks\corretto-1.8.0_332\jre\bin;C:\Windows\Sun\Java\bin;C:\Windows\system32;C:\Windows;C:\Program Files\Common Files\Oracle\Java\javapath;C:\Windows\system32;C:\Windows;C:\Windows\System32\Wbem;C:\Windows\System32\WindowsPowerShell\v1.0\;C:\Windows\System32\OpenSSH\;C:\Users\Acer\AppData\Local\Microsoft\WindowsApps;;."/>
    <property name="java.vm.info" value="mixed mode"/>
    <property name="java.vendor" value="Amazon.com Inc."/>
    <property name="java.vm.version" value="25.332-b08"/>
    <property name="java.ext.dirs" value="C:\Users\Acer\.jdks\corretto-1.8.0_332\jre\lib\ext;C:\Windows\Sun\Java\lib\ext"/>
    <property name="sun.io.unicode.encoding" value="UnicodeLittle"/>
    <property name="java.class.version" value="52.0"/>
  </properties>
  <testcase name="user navigates to login page" classname="Verification of Login Functionality - Happy Path" time="4.878"/>
  <testcase name="user clicks login button" classname="Verification of Login Functionality - Happy Path" time="7.832"/>
  <testcase name="user should be able to display login page" classname="Verification of Login Functionality - Happy Path" time="3.703"/>
  <testcase name="user enters valid email" classname="Verification of Login Functionality - Happy Path" time="3.288"/>
  <testcase name="user enters valid password" classname="Verification of Login Functionality - Happy Path" time="0.2"/>
  <testcase name="user clicks sign-in button" classname="Verification of Login Functionality - Happy Path" time="1.905"/>
  <testcase name="user closes newsletter menu" classname="Verification of Login Functionality - Happy Path" time="9.775"/>
  <testcase name="system should be able to display MY ACCOUNT menu" classname="Verification of Login Functionality - Happy Path" time="0.064"/>
  <testcase name="system should be able to display &quot;Sign out&quot; menu" classname="Verification of Login Functionality - Happy Path" time="0.071"/>
  <testcase name="system should be able to display my cart item on the right side" classname="Verification of Login Functionality - Happy Path" time="0.558"/>
  <testcase name="user selects a product by clicking on it" classname="Verification of Login Functionality - Happy Path" time="1.997"/>
  <testcase name="user enters his birthday to age verification menu and clicks continue" classname="Verification of Login Functionality - Happy Path" time="3.093"/>
  <testcase name="user adds the product to cart by clicking Add your cart button" classname="Verification of Login Functionality - Happy Path" time="0.181"/>
  <testcase name="total amount of product in cart should be displayed as 1" classname="Verification of Login Functionality - Happy Path" time="4.506"/>
  <testcase name="Verification of Login Functionality - Happy Path" classname="Verification of Login Functionality - Happy Path" time="5.625"/>
  <testcase name="user on the login page" classname="Verification of Login Functionality - Negative with Invalid Credentials #1" time="2.455"/>
  <testcase name="user enters &quot;esadesad@gmail.com&quot; and &quot;56Qa.74_&quot;" classname="Verification of Login Functionality - Negative with Invalid Credentials #1" time="1.573"/>
  <testcase name="user clicks sign-in button" classname="Verification of Login Functionality - Negative with Invalid Credentials #1" time="1.151"/>
  <testcase name="&quot;Oh no! There is an error and you need to fix it before logging in.&quot; should be displayed for &quot;invalid username&quot;" classname="Verification of Login Functionality - Negative with Invalid Credentials #1" time="0.433"/>
  <testcase name="Verification of Login Functionality - Negative with Invalid Credentials #1" classname="Verification of Login Functionality - Negative with Invalid Credentials #1" time="1.163"/>
  <testcase name="user on the login page" classname="Verification of Login Functionality - Negative with Invalid Credentials #2" time="2.352"/>
  <testcase name="user enters &quot;esadersoy@gmail.com&quot; and &quot;12345Abc&quot;" classname="Verification of Login Functionality - Negative with Invalid Credentials #2" time="1.94"/>
  <testcase name="user clicks sign-in button" classname="Verification of Login Functionality - Negative with Invalid Credentials #2" time="0.969"/>
  <testcase name="&quot;Oh no! There is an error and you need to fix it before logging in.&quot; should be displayed for &quot;invalid password&quot;" classname="Verification of Login Functionality - Negative with Invalid Credentials #2" time="0.51"/>
  <testcase name="Verification of Login Functionality - Negative with Invalid Credentials #2" classname="Verification of Login Functionality - Negative with Invalid Credentials #2" time="1.243"/>
  <testcase name="user on the login page" classname="Verification of Login Functionality - Negative with Invalid Credentials #3" time="1.633"/>
  <testcase name="user enters &quot;&quot; and &quot;56Qa.74_&quot;" classname="Verification of Login Functionality - Negative with Invalid Credentials #3" time="2.319"/>
  <testcase name="user clicks sign-in button" classname="Verification of Login Functionality - Negative with Invalid Credentials #3" time="0.802"/>
  <testcase name="&quot;Oh no! There is an error and you need to fix it before logging in.&quot; should be displayed for &quot;empty username&quot;" classname="Verification of Login Functionality - Negative with Invalid Credentials #3" time="0.326"/>
  <testcase name="Verification of Login Functionality - Negative with Invalid Credentials #3" classname="Verification of Login Functionality - Negative with Invalid Credentials #3" time="1.14"/>
  <testcase name="user on the login page" classname="Verification of Login Functionality - Negative with Invalid Credentials #4" time="1.457"/>
  <testcase name="user enters &quot;esadersoy@gmail.com&quot; and &quot;&quot;" classname="Verification of Login Functionality - Negative with Invalid Credentials #4" time="2.709"/>
  <testcase name="user clicks sign-in button" classname="Verification of Login Functionality - Negative with Invalid Credentials #4" time="1.09"/>
  <testcase name="&quot;Oh no! There is an error and you need to fix it before logging in.&quot; should be displayed for &quot;empty password&quot;" classname="Verification of Login Functionality - Negative with Invalid Credentials #4" time="0.376"/>
  <testcase name="Verification of Login Functionality - Negative with Invalid Credentials #4" classname="Verification of Login Functionality - Negative with Invalid Credentials #4" time="1.142"/>
  <testcase name="user on the login page" classname="Verification of Login Functionality with Invalid Credentials - Screenshot Example" time="1.58"/>
  <testcase name="user enters &quot;esadesad@gmail.com&quot; and &quot;56Qa.74_&quot;" classname="Verification of Login Functionality with Invalid Credentials - Screenshot Example" time="2.083"/>
  <testcase name="user clicks sign-in button" classname="Verification of Login Functionality with Invalid Credentials - Screenshot Example" time="1.38"/>
  <testcase name="&quot;Error message&quot; should be displayed for &quot;invalid username&quot;" classname="Verification of Login Functionality with Invalid Credentials - Screenshot Example" time="0.471">
    <failure message="&#10;The following assertion failed:&#10;1) [Logging error message was not verified] expected:&lt;&quot;[Error message]&quot;&gt; but was:&lt;&quot;[Oh no! There is an error and you need to fix it before logging in.]&quot;&gt;&#10;" type="org.assertj.core.api.SoftAssertionError"><![CDATA[org.assertj.core.api.SoftAssertionError: 

The following assertion failed:
1) [Logging error message was not verified] expected:<"[Error message]"> but was:<"[Oh no! There is an error and you need to fix it before logging in.]">

]]></failure>
    <system-out><![CDATA[  &amp#27;[32mAnd &amp#27;[0m&amp#27;[32muser clicks sign-in button&amp#27;[0m                                                            &amp#27;[90m# com.allyouplay.stepDefinitions.LoginStepDefs.userClicksGirisButton()&amp#27;[0m
]]></system-out>
    <system-err><![CDATA[[main] INFO com.allyouplay.stepDefinitions.LoginStepDefs - >>> Logging error message was verified.
]]></system-err>
  </testcase>
  <testcase name="Verification of Login Functionality with Invalid Credentials - Screenshot Example" classname="Verification of Login Functionality with Invalid Credentials - Screenshot Example" time="1.588">
    <failure message="&#10;The following assertion failed:&#10;1) [Logging error message was not verified] expected:&lt;&quot;[Error message]&quot;&gt; but was:&lt;&quot;[Oh no! There is an error and you need to fix it before logging in.]&quot;&gt;&#10;" type="org.assertj.core.api.SoftAssertionError"><![CDATA[org.assertj.core.api.SoftAssertionError: 

The following assertion failed:
1) [Logging error message was not verified] expected:<"[Error message]"> but was:<"[Oh no! There is an error and you need to fix it before logging in.]">

]]></failure>
    <system-out><![CDATA[  &amp#27;[31mThen &amp#27;[0m&amp#27;[31m&amp#27;[0m&amp#27;[31m&amp#27;[1m"Error message"&amp#27;[0m&amp#27;[31m should be displayed for &amp#27;[0m&amp#27;[31m&amp#27;[1m"invalid username"&amp#27;[0m                           &amp#27;[90m# com.allyouplay.stepDefinitions.LoginStepDefs.shouldBeDisplayedForSituation(java.lang.String,java.lang.String)&amp#27;[0m
      &amp#27;[31morg.assertj.core.api.SoftAssertionError: 
The following assertion failed:
1) [Logging error message was not verified] expected:<"[Error message]"> but was:<"[Oh no! There is an error and you need to fix it before logging in.]">

	at org.assertj.core.error.AssertionErrorCreator.multipleSoftAssertionsError(AssertionErrorCreator.java:75)
	at org.assertj.core.api.AbstractSoftAssertions.assertAll(AbstractSoftAssertions.java:38)
	at org.assertj.core.api.AbstractSoftAssertions.assertAll(AbstractSoftAssertions.java:43)
	at com.allyouplay.stepDefinitions.LoginStepDefs.shouldBeDisplayedForSituation(LoginStepDefs.java:127)
	at âœ½."Error message" should be displayed for "invalid username"(file:///C:/Users/Acer/IdeaProjects/DecsTask/src/test/resources/features/login.feature:45)
&amp#27;[0m

    Embedding screenshot [image/png 51506 bytes]

]]></system-out>
  </testcase>
</testsuite>